0 info it worked if it ends with ok
1 verbose cli [ 'node', '/usr/local/bin/npm', 'install', '-g', 'grunt-cli' ]
2 info using npm@1.4.23
3 info using node@v0.10.31
4 verbose cache add [ 'grunt-cli', null ]
5 verbose cache add name=undefined spec="grunt-cli" args=["grunt-cli",null]
6 verbose parsed url { protocol: null,
6 verbose parsed url   slashes: null,
6 verbose parsed url   auth: null,
6 verbose parsed url   host: null,
6 verbose parsed url   port: null,
6 verbose parsed url   hostname: null,
6 verbose parsed url   hash: null,
6 verbose parsed url   search: null,
6 verbose parsed url   query: null,
6 verbose parsed url   pathname: 'grunt-cli',
6 verbose parsed url   path: 'grunt-cli',
6 verbose parsed url   href: 'grunt-cli' }
7 silly lockFile 671ef8ac-grunt-cli grunt-cli
8 verbose lock grunt-cli /Users/jianri/.npm/671ef8ac-grunt-cli.lock
9 silly lockFile 671ef8ac-grunt-cli grunt-cli
10 silly lockFile 671ef8ac-grunt-cli grunt-cli
11 verbose addNamed [ 'grunt-cli', '' ]
12 verbose addNamed [ null, '*' ]
13 silly lockFile d63f3d0b-grunt-cli grunt-cli@
14 verbose lock grunt-cli@ /Users/jianri/.npm/d63f3d0b-grunt-cli.lock
15 silly addNameRange { name: 'grunt-cli', range: '*', hasData: false }
16 verbose request where is /grunt-cli
17 verbose request registry https://registry.npmjs.org/
18 verbose request id 6154ecce332eb8c7
19 verbose url raw /grunt-cli
20 verbose url resolving [ 'https://registry.npmjs.org/', './grunt-cli' ]
21 verbose url resolved https://registry.npmjs.org/grunt-cli
22 verbose request where is https://registry.npmjs.org/grunt-cli
23 info trying registry request attempt 1 at 01:14:14
24 verbose etag "8WP6SD7VNN0NYX6B5WPNFWVXG"
25 http GET https://registry.npmjs.org/grunt-cli
26 http 200 https://registry.npmjs.org/grunt-cli
27 silly registry.get cb [ 200,
27 silly registry.get   { date: 'Thu, 02 Oct 2014 17:16:19 GMT',
27 silly registry.get     server: 'CouchDB/1.5.0 (Erlang OTP/R16B03)',
27 silly registry.get     etag: '"BNILZ9J1NTWZYUS8HRT5S3TNV"',
27 silly registry.get     'content-type': 'application/json',
27 silly registry.get     'cache-control': 'max-age=60',
27 silly registry.get     'content-length': '19906',
27 silly registry.get     'accept-ranges': 'bytes',
27 silly registry.get     via: '1.1 varnish',
27 silly registry.get     age: '119',
27 silly registry.get     'x-served-by': 'cache-ty66-TYO',
27 silly registry.get     'x-cache': 'HIT',
27 silly registry.get     'x-cache-hits': '2',
27 silly registry.get     'x-timer': 'S1412270179.005509,VS0,VE0',
27 silly registry.get     vary: 'Accept',
27 silly registry.get     'keep-alive': 'timeout=10, max=50',
27 silly registry.get     connection: 'Keep-Alive' } ]
28 silly addNameRange number 2 { name: 'grunt-cli', range: '*', hasData: true }
29 silly addNameRange versions [ 'grunt-cli',
29 silly addNameRange   [ '0.1.0',
29 silly addNameRange     '0.1.1',
29 silly addNameRange     '0.1.2',
29 silly addNameRange     '0.1.3',
29 silly addNameRange     '0.1.4',
29 silly addNameRange     '0.1.5',
29 silly addNameRange     '0.1.6',
29 silly addNameRange     '0.1.7',
29 silly addNameRange     '0.1.8',
29 silly addNameRange     '0.1.9',
29 silly addNameRange     '0.1.10',
29 silly addNameRange     '0.1.11',
29 silly addNameRange     '0.1.12',
29 silly addNameRange     '0.1.13' ] ]
30 verbose addNamed [ 'grunt-cli', '0.1.13' ]
31 verbose addNamed [ '0.1.13', '0.1.13' ]
32 silly lockFile 28997503-grunt-cli-0-1-13 grunt-cli@0.1.13
33 verbose lock grunt-cli@0.1.13 /Users/jianri/.npm/28997503-grunt-cli-0-1-13.lock
34 silly lockFile 28997503-grunt-cli-0-1-13 grunt-cli@0.1.13
35 silly lockFile 28997503-grunt-cli-0-1-13 grunt-cli@0.1.13
36 silly lockFile d63f3d0b-grunt-cli grunt-cli@
37 silly lockFile d63f3d0b-grunt-cli grunt-cli@
38 silly resolved [ { name: 'grunt-cli',
38 silly resolved     description: 'The grunt command line interface.',
38 silly resolved     version: '0.1.13',
38 silly resolved     author: { name: 'Grunt Team' },
38 silly resolved     homepage: 'http://gruntjs.com/',
38 silly resolved     repository: { type: 'git', url: 'git://github.com/gruntjs/grunt-cli.git' },
38 silly resolved     bugs: { url: 'http://github.com/gruntjs/grunt-cli/issues' },
38 silly resolved     licenses: [ [Object] ],
38 silly resolved     bin: { grunt: 'bin/grunt' },
38 silly resolved     engines: { node: '>= 0.8.0' },
38 silly resolved     scripts: { test: 'node bin/grunt test' },
38 silly resolved     preferGlobal: true,
38 silly resolved     dependencies: { nopt: '~1.0.10', 'findup-sync': '~0.1.0', resolve: '~0.3.1' },
38 silly resolved     devDependencies: { grunt: '~0.4.0', 'grunt-contrib-jshint': '~0.2.0' },
38 silly resolved     contributors: [ [Object], [Object], [Object], [Object] ],
38 silly resolved     _id: 'grunt-cli@0.1.13',
38 silly resolved     dist:
38 silly resolved      { shasum: 'e9ebc4047631f5012d922770c39378133cad10f4',
38 silly resolved        tarball: 'http://registry.npmjs.org/grunt-cli/-/grunt-cli-0.1.13.tgz' },
38 silly resolved     _from: 'grunt-cli@',
38 silly resolved     _npmVersion: '1.3.24',
38 silly resolved     _npmUser: { name: 'tkellen', email: 'tyler@sleekcode.net' },
38 silly resolved     maintainers: [ [Object] ],
38 silly resolved     directories: {},
38 silly resolved     _shasum: 'e9ebc4047631f5012d922770c39378133cad10f4',
38 silly resolved     _resolved: 'https://registry.npmjs.org/grunt-cli/-/grunt-cli-0.1.13.tgz',
38 silly resolved     readme: 'ERROR: No README data found!' } ]
39 info install grunt-cli@0.1.13 into /usr/local/lib
40 info installOne grunt-cli@0.1.13
41 verbose lib/node_modules/grunt-cli unbuild
42 info preuninstall grunt-cli@0.1.13
43 info uninstall grunt-cli@0.1.13
44 verbose true,/usr/local/lib/node_modules,/usr/local/lib/node_modules unbuild grunt-cli@0.1.13
45 verbose /usr/local/bin,[object Object] binRoot
46 info postuninstall grunt-cli@0.1.13
47 verbose lib/node_modules/grunt-cli unbuild
48 info preuninstall grunt-cli@0.1.13
49 info uninstall grunt-cli@0.1.13
50 verbose true,/usr/local/lib/node_modules,/usr/local/lib/node_modules unbuild grunt-cli@0.1.13
51 verbose /usr/local/bin,[object Object] binRoot
52 info postuninstall grunt-cli@0.1.13
53 error error rolling back Error: EACCES, unlink '/usr/local/lib/node_modules/grunt-cli'
53 error error rolling back  grunt-cli@0.1.13 { [Error: EACCES, unlink '/usr/local/lib/node_modules/grunt-cli']
53 error error rolling back   errno: 3,
53 error error rolling back   code: 'EACCES',
53 error error rolling back   path: '/usr/local/lib/node_modules/grunt-cli' }
54 error Error: EACCES, unlink '/usr/local/lib/node_modules/grunt-cli'
54 error  { [Error: EACCES, unlink '/usr/local/lib/node_modules/grunt-cli']
54 error   errno: 3,
54 error   code: 'EACCES',
54 error   path: '/usr/local/lib/node_modules/grunt-cli' }
55 error Please try running this command again as root/Administrator.
56 error System Darwin 12.5.0
57 error command "node" "/usr/local/bin/npm" "install" "-g" "grunt-cli"
58 error cwd /Work/Node/tpoc/tpoc
59 error node -v v0.10.31
60 error npm -v 1.4.23
61 error path /usr/local/lib/node_modules/grunt-cli
62 error code EACCES
63 error errno 3
64 error stack Error: EACCES, unlink '/usr/local/lib/node_modules/grunt-cli'
65 verbose exit [ 3, true ]
